{"uid":"6306cadb22e30052","name":"test_features_are_deployed_correctly[caas]","fullName":"tests.step_defs.operations.test_feature_deployment#test_features_are_deployed_correctly","historyId":"fc68851c11547542193777676bc8a225","time":{"start":1771027282970,"stop":1771027282970,"duration":0},"description":"/home/runner/work/defining-acceptance/defining-acceptance/features/operations/deployments.feature: Features are deployed correctly","descriptionHtml":"<p>/home/runner/work/defining-acceptance/defining-acceptance/features/operations/deployments.feature: Features are deployed correctly</p>\n","status":"broken","statusMessage":"Exception: Simulated failure on tesla","statusTrace":"/opt/hostedtoolcache/Python/3.12.12/x64/lib/python3.12/site-packages/pluggy/_hooks.py:512: in __call__\n    return self._hookexec(self.name, self._hookimpls.copy(), kwargs, firstresult)\n           ^^^^^^^^^^^^^^^^^^^^^^^^^^^^^^^^^^^^^^^^^^^^^^^^^^^^^^^^^^^^^^^^^^^^^^\n/opt/hostedtoolcache/Python/3.12.12/x64/lib/python3.12/site-packages/pluggy/_manager.py:120: in _hookexec\n    return self._inner_hookexec(hook_name, methods, kwargs, firstresult)\n           ^^^^^^^^^^^^^^^^^^^^^^^^^^^^^^^^^^^^^^^^^^^^^^^^^^^^^^^^^^^^^\ntests/conftest.py:59: in pytest_bdd_before_scenario\n    raise Exception(\"Simulated failure on tesla\")\nE   Exception: Simulated failure on tesla","flaky":false,"newFailed":false,"newBroken":false,"newPassed":false,"retriesCount":0,"retriesStatusChange":false,"beforeStages":[{"name":"_pytest_bdd_example","time":{"start":1771027283009,"stop":1771027283009,"duration":0},"status":"passed","steps":[],"attachments":[],"parameters":[],"stepsCount":0,"shouldDisplayMessage":false,"attachmentsCount":0,"hasContent":false,"attachmentStep":false}],"afterStages":[],"labels":[{"name":"host","value":"tesla"},{"name":"environment","value":"tesla"},{"name":"parentSuite","value":"Operations"},{"name":"tag","value":"operations"},{"name":"suite","value":"test_feature_deployment"},{"name":"host","value":"runnervmjduv7"},{"name":"thread","value":"2489-MainThread"},{"name":"framework","value":"pytest"},{"name":"language","value":"cpython3"},{"name":"package","value":"tests.step_defs.operations.test_feature_deployment"},{"name":"resultFormat","value":"allure2"}],"parameters":[{"name":"_pytest_bdd_example","value":"{'feature': 'caas'}"}],"links":[],"hidden":true,"retry":true,"extra":{"categories":[],"tags":["operations"]},"source":"6306cadb22e30052.json","parameterValues":["{'feature': 'caas'}"]}