{"uid":"d50144552b474344","name":"test_ssh_without_key_fails","fullName":"tests.step_defs.security.test_access_control#test_ssh_without_key_fails","historyId":"629c9544ca8046c8fa9537ddad01bfa4","time":{"start":1771027283178,"stop":1771027283178,"duration":0},"description":"/home/runner/work/defining-acceptance/defining-acceptance/features/security/access_control.feature: SSH without key fails","descriptionHtml":"<p>/home/runner/work/defining-acceptance/defining-acceptance/features/security/access_control.feature: SSH without key fails</p>\n","status":"broken","statusMessage":"Exception: Simulated failure on tesla","statusTrace":"/opt/hostedtoolcache/Python/3.12.12/x64/lib/python3.12/site-packages/pluggy/_hooks.py:512: in __call__\n    return self._hookexec(self.name, self._hookimpls.copy(), kwargs, firstresult)\n           ^^^^^^^^^^^^^^^^^^^^^^^^^^^^^^^^^^^^^^^^^^^^^^^^^^^^^^^^^^^^^^^^^^^^^^\n/opt/hostedtoolcache/Python/3.12.12/x64/lib/python3.12/site-packages/pluggy/_manager.py:120: in _hookexec\n    return self._inner_hookexec(hook_name, methods, kwargs, firstresult)\n           ^^^^^^^^^^^^^^^^^^^^^^^^^^^^^^^^^^^^^^^^^^^^^^^^^^^^^^^^^^^^^\ntests/conftest.py:59: in pytest_bdd_before_scenario\n    raise Exception(\"Simulated failure on tesla\")\nE   Exception: Simulated failure on tesla","flaky":false,"newFailed":false,"newBroken":false,"newPassed":false,"retriesCount":0,"retriesStatusChange":false,"beforeStages":[{"name":"_pytest_bdd_example","time":{"start":1771027283178,"stop":1771027283178,"duration":0},"status":"passed","steps":[],"attachments":[],"parameters":[],"stepsCount":0,"shouldDisplayMessage":false,"attachmentsCount":0,"hasContent":false,"attachmentStep":false}],"afterStages":[],"labels":[{"name":"host","value":"tesla"},{"name":"environment","value":"tesla"},{"name":"parentSuite","value":"Security"},{"name":"tag","value":"security"},{"name":"suite","value":"test_access_control"},{"name":"host","value":"runnervmjduv7"},{"name":"thread","value":"2489-MainThread"},{"name":"framework","value":"pytest"},{"name":"language","value":"cpython3"},{"name":"package","value":"tests.step_defs.security.test_access_control"},{"name":"resultFormat","value":"allure2"}],"parameters":[],"links":[],"hidden":true,"retry":true,"extra":{"categories":[],"tags":["security"]},"source":"d50144552b474344.json","parameterValues":[]}